1,
1,
4,
38,
728,
26704,
1866256,
251548592,
296290610,
488353344,
299461745,
284452357,
685166502,
188576011,
745750432,
537852138,
501415812,
664463599,
487708985,
301136759,
461356241,
454771140,
140787367,
738251025,
509950699,
411750512,
45053363,
221650939,
885651522,
268873103,
899070871,
16207429,
640197442,
862761970,
816857855,
922138943,
598693377,
693153913,
146709467,
328291160,
93538343,
803502557,
617356577,
871061931,
936118914,
18073318,
682578556,
912256173,
27516243,
529448349,
214698254,
513989762,

==================

