The system is: Darwin - 17.7.0 - x86_64
Compiling the C compiler identification source file "CMakeCCompilerId.c" succeeded.
Compiler: /usr/local/Cellar/gcc@6/6.4.0_2/bin/gcc-6 
Build flags: 
Id flags:  

The output was:
0


Compilation of the C compiler identification source "CMakeCCompilerId.c" produced "a.out"

The C compiler identification is GNU, found in "/Users/zhangminchen/Downloads/research/solution-to-liurujia/chapter6/sculpture/cmake-build-debug/CMakeFiles/3.12.0/CompilerIdC/a.out"

Compiling the CXX compiler identification source file "CMakeCXXCompilerId.cpp" succeeded.
Compiler: /usr/local/Cellar/gcc@6/6.4.0_2/bin/g++-6 
Build flags: 
Id flags:  

The output was:
0


Compilation of the CXX compiler identification source "CMakeCXXCompilerId.cpp" produced "a.out"

The CXX compiler identification is GNU, found in "/Users/zhangminchen/Downloads/research/solution-to-liurujia/chapter6/sculpture/cmake-build-debug/CMakeFiles/3.12.0/CompilerIdCXX/a.out"

Determining if the C compiler works passed with the following output:
Change Dir: /Users/zhangminchen/Downloads/research/solution-to-liurujia/chapter6/sculpture/cmake-build-debug/CMakeFiles/CMakeTmp

Run Build Command:"/usr/bin/make" "cmTC_0a2b2/fast"
/Library/Developer/CommandLineTools/usr/bin/make -f CMakeFiles/cmTC_0a2b2.dir/build.make CMakeFiles/cmTC_0a2b2.dir/build
Building C object CMakeFiles/cmTC_0a2b2.dir/testCCompiler.c.o
/usr/local/Cellar/gcc@6/6.4.0_2/bin/gcc-6    -o CMakeFiles/cmTC_0a2b2.dir/testCCompiler.c.o   -c /Users/zhangminchen/Downloads/research/solution-to-liurujia/chapter6/sculpture/cmake-build-debug/CMakeFiles/CMakeTmp/testCCompiler.c
Linking C executable cmTC_0a2b2
/Applications/CLion.app/Contents/bin/cmake/mac/bin/cmake -E cmake_link_script CMakeFiles/cmTC_0a2b2.dir/link.txt --verbose=1
/usr/local/Cellar/gcc@6/6.4.0_2/bin/gcc-6   -Wl,-search_paths_first -Wl,-headerpad_max_install_names   CMakeFiles/cmTC_0a2b2.dir/testCCompiler.c.o  -o cmTC_0a2b2 


Detecting C compiler ABI info compiled with the following output:
Change Dir: /Users/zhangminchen/Downloads/research/solution-to-liurujia/chapter6/sculpture/cmake-build-debug/CMakeFiles/CMakeTmp

Run Build Command:"/usr/bin/make" "cmTC_4e793/fast"
/Library/Developer/CommandLineTools/usr/bin/make -f CMakeFiles/cmTC_4e793.dir/build.make CMakeFiles/cmTC_4e793.dir/build
Building C object CMakeFiles/cmTC_4e793.dir/CMakeCCompilerABI.c.o
/usr/local/Cellar/gcc@6/6.4.0_2/bin/gcc-6    -o CMakeFiles/cmTC_4e793.dir/CMakeCCompilerABI.c.o   -c /Applications/CLion.app/Contents/bin/cmake/mac/share/cmake-3.12/Modules/CMakeCCompilerABI.c
Linking C executable cmTC_4e793
/Applications/CLion.app/Contents/bin/cmake/mac/bin/cmake -E cmake_link_script CMakeFiles/cmTC_4e793.dir/link.txt --verbose=1
/usr/local/Cellar/gcc@6/6.4.0_2/bin/gcc-6   -Wl,-search_paths_first -Wl,-headerpad_max_install_names  -v -Wl,-v CMakeFiles/cmTC_4e793.dir/CMakeCCompilerABI.c.o  -o cmTC_4e793 
Using built-in specs.
COLLECT_GCC=/usr/local/Cellar/gcc@6/6.4.0_2/bin/gcc-6
COLLECT_LTO_WRAPPER=/usr/local/Cellar/gcc@6/6.4.0_2/libexec/gcc/x86_64-apple-darwin17.5.0/6.4.0/lto-wrapper
Target: x86_64-apple-darwin17.5.0
Configured with: ../configure --build=x86_64-apple-darwin17.5.0 --prefix=/usr/local/Cellar/gcc@6/6.4.0_2 --libdir=/usr/local/Cellar/gcc@6/6.4.0_2/lib/gcc/6 --enable-languages=c,c++,objc,obj-c++,fortran,java,jit --program-suffix=-6 --with-gmp=/usr/local/opt/gmp --with-mpfr=/usr/local/opt/mpfr --with-mpc=/usr/local/opt/libmpc --with-isl=/usr/local/opt/isl --with-system-zlib --enable-stage1-checking --enable-checking=release --enable-lto --with-build-config=bootstrap-debug --disable-werror --with-pkgversion='Homebrew GCC 6.4.0_2 --with-all-languages' --with-bugurl=https://github.com/Homebrew/homebrew-core/issues --disable-nls --with-ecj-jar=/usr/local/opt/ecj/share/java/ecj.jar --enable-multilib --enable-host-shared
Thread model: posix
gcc version 6.4.0 (Homebrew GCC 6.4.0_2 --with-all-languages) 
COMPILER_PATH=/usr/local/Cellar/gcc@6/6.4.0_2/libexec/gcc/x86_64-apple-darwin17.5.0/6.4.0/:/usr/local/Cellar/gcc@6/6.4.0_2/libexec/gcc/x86_64-apple-darwin17.5.0/6.4.0/:/usr/local/Cellar/gcc@6/6.4.0_2/libexec/gcc/x86_64-apple-darwin17.5.0/:/usr/local/Cellar/gcc@6/6.4.0_2/lib/gcc/6/gcc/x86_64-apple-darwin17.5.0/6.4.0/:/usr/local/Cellar/gcc@6/6.4.0_2/lib/gcc/6/gcc/x86_64-apple-darwin17.5.0/
LIBRARY_PATH=/usr/local/Cellar/gcc@6/6.4.0_2/lib/gcc/6/gcc/x86_64-apple-darwin17.5.0/6.4.0/:/usr/local/Cellar/gcc@6/6.4.0_2/lib/gcc/6/gcc/x86_64-apple-darwin17.5.0/6.4.0/../../../
COLLECT_GCC_OPTIONS='-v' '-o' 'cmTC_4e793' '-mmacosx-version-min=10.13.7' '-asm_macosx_version_min=10.13' '-mtune=core2'
 /usr/local/Cellar/gcc@6/6.4.0_2/libexec/gcc/x86_64-apple-darwin17.5.0/6.4.0/collect2 -dynamic -arch x86_64 -macosx_version_min 10.13.7 -weak_reference_mismatches non-weak -o cmTC_4e793 -L/usr/local/Cellar/gcc@6/6.4.0_2/lib/gcc/6/gcc/x86_64-apple-darwin17.5.0/6.4.0 -L/usr/local/Cellar/gcc@6/6.4.0_2/lib/gcc/6/gcc/x86_64-apple-darwin17.5.0/6.4.0/../../.. -search_paths_first -headerpad_max_install_names -v CMakeFiles/cmTC_4e793.dir/CMakeCCompilerABI.c.o -no_compact_unwind -lSystem -lgcc_ext.10.5 -lgcc -lSystem -v
collect2 version 6.4.0
/usr/bin/ld -dynamic -arch x86_64 -macosx_version_min 10.13.7 -weak_reference_mismatches non-weak -o cmTC_4e793 -L/usr/local/Cellar/gcc@6/6.4.0_2/lib/gcc/6/gcc/x86_64-apple-darwin17.5.0/6.4.0 -L/usr/local/Cellar/gcc@6/6.4.0_2/lib/gcc/6/gcc/x86_64-apple-darwin17.5.0/6.4.0/../../.. -search_paths_first -headerpad_max_install_names -v CMakeFiles/cmTC_4e793.dir/CMakeCCompilerABI.c.o -no_compact_unwind -lSystem -lgcc_ext.10.5 -lgcc -lSystem -v
@(#)PROGRAM:ld  PROJECT:ld64-351.8
configured to support archs: armv6 armv7 armv7s arm64 i386 x86_64 x86_64h armv6m armv7k armv7m armv7em (tvOS)
@(#)PROGRAM:ld  PROJECT:ld64-351.8
configured to support archs: armv6 armv7 armv7s arm64 i386 x86_64 x86_64h armv6m armv7k armv7m armv7em (tvOS)
Library search paths:
	/usr/local/Cellar/gcc@6/6.4.0_2/lib/gcc/6/gcc/x86_64-apple-darwin17.5.0/6.4.0
	/usr/local/Cellar/gcc@6/6.4.0_2/lib/gcc/6
	/usr/lib
	/usr/local/lib
Framework search paths:
	/Library/Frameworks/
	/System/Library/Frameworks/
 /usr/bin/nm -n CMakeFiles/cmTC_4e793.dir/CMakeCCompilerABI.c.o


Parsed C implicit link information from above output:
  link line regex: [^( *|.*[/\])(ld|CMAKE_LINK_STARTFILE-NOTFOUND|([^/\]+-)?ld|collect2)[^/\]*( |$)]
  ignore line: [Change Dir: /Users/zhangminchen/Downloads/research/solution-to-liurujia/chapter6/sculpture/cmake-build-debug/CMakeFiles/CMakeTmp]
  ignore line: []
  ignore line: [Run Build Command:"/usr/bin/make" "cmTC_4e793/fast"]
  ignore line: [/Library/Developer/CommandLineTools/usr/bin/make -f CMakeFiles/cmTC_4e793.dir/build.make CMakeFiles/cmTC_4e793.dir/build]
  ignore line: [Building C object CMakeFiles/cmTC_4e793.dir/CMakeCCompilerABI.c.o]
  ignore line: [/usr/local/Cellar/gcc@6/6.4.0_2/bin/gcc-6    -o CMakeFiles/cmTC_4e793.dir/CMakeCCompilerABI.c.o   -c /Applications/CLion.app/Contents/bin/cmake/mac/share/cmake-3.12/Modules/CMakeCCompilerABI.c]
  ignore line: [Linking C executable cmTC_4e793]
  ignore line: [/Applications/CLion.app/Contents/bin/cmake/mac/bin/cmake -E cmake_link_script CMakeFiles/cmTC_4e793.dir/link.txt --verbose=1]
  ignore line: [/usr/local/Cellar/gcc@6/6.4.0_2/bin/gcc-6   -Wl,-search_paths_first -Wl,-headerpad_max_install_names  -v -Wl,-v CMakeFiles/cmTC_4e793.dir/CMakeCCompilerABI.c.o  -o cmTC_4e793 ]
  ignore line: [Using built-in specs.]
  ignore line: [COLLECT_GCC=/usr/local/Cellar/gcc@6/6.4.0_2/bin/gcc-6]
  ignore line: [COLLECT_LTO_WRAPPER=/usr/local/Cellar/gcc@6/6.4.0_2/libexec/gcc/x86_64-apple-darwin17.5.0/6.4.0/lto-wrapper]
  ignore line: [Target: x86_64-apple-darwin17.5.0]
  ignore line: [Configured with: ../configure --build=x86_64-apple-darwin17.5.0 --prefix=/usr/local/Cellar/gcc@6/6.4.0_2 --libdir=/usr/local/Cellar/gcc@6/6.4.0_2/lib/gcc/6 --enable-languages=c,c++,objc,obj-c++,fortran,java,jit --program-suffix=-6 --with-gmp=/usr/local/opt/gmp --with-mpfr=/usr/local/opt/mpfr --with-mpc=/usr/local/opt/libmpc --with-isl=/usr/local/opt/isl --with-system-zlib --enable-stage1-checking --enable-checking=release --enable-lto --with-build-config=bootstrap-debug --disable-werror --with-pkgversion='Homebrew GCC 6.4.0_2 --with-all-languages' --with-bugurl=https://github.com/Homebrew/homebrew-core/issues --disable-nls --with-ecj-jar=/usr/local/opt/ecj/share/java/ecj.jar --enable-multilib --enable-host-shared]
  ignore line: [Thread model: posix]
  ignore line: [gcc version 6.4.0 (Homebrew GCC 6.4.0_2 --with-all-languages) ]
  ignore line: [COMPILER_PATH=/usr/local/Cellar/gcc@6/6.4.0_2/libexec/gcc/x86_64-apple-darwin17.5.0/6.4.0/:/usr/local/Cellar/gcc@6/6.4.0_2/libexec/gcc/x86_64-apple-darwin17.5.0/6.4.0/:/usr/local/Cellar/gcc@6/6.4.0_2/libexec/gcc/x86_64-apple-darwin17.5.0/:/usr/local/Cellar/gcc@6/6.4.0_2/lib/gcc/6/gcc/x86_64-apple-darwin17.5.0/6.4.0/:/usr/local/Cellar/gcc@6/6.4.0_2/lib/gcc/6/gcc/x86_64-apple-darwin17.5.0/]
  ignore line: [LIBRARY_PATH=/usr/local/Cellar/gcc@6/6.4.0_2/lib/gcc/6/gcc/x86_64-apple-darwin17.5.0/6.4.0/:/usr/local/Cellar/gcc@6/6.4.0_2/lib/gcc/6/gcc/x86_64-apple-darwin17.5.0/6.4.0/../../../]
  ignore line: [COLLECT_GCC_OPTIONS='-v' '-o' 'cmTC_4e793' '-mmacosx-version-min=10.13.7' '-asm_macosx_version_min=10.13' '-mtune=core2']
  link line: [ /usr/local/Cellar/gcc@6/6.4.0_2/libexec/gcc/x86_64-apple-darwin17.5.0/6.4.0/collect2 -dynamic -arch x86_64 -macosx_version_min 10.13.7 -weak_reference_mismatches non-weak -o cmTC_4e793 -L/usr/local/Cellar/gcc@6/6.4.0_2/lib/gcc/6/gcc/x86_64-apple-darwin17.5.0/6.4.0 -L/usr/local/Cellar/gcc@6/6.4.0_2/lib/gcc/6/gcc/x86_64-apple-darwin17.5.0/6.4.0/../../.. -search_paths_first -headerpad_max_install_names -v CMakeFiles/cmTC_4e793.dir/CMakeCCompilerABI.c.o -no_compact_unwind -lSystem -lgcc_ext.10.5 -lgcc -lSystem -v]
    arg [/usr/local/Cellar/gcc@6/6.4.0_2/libexec/gcc/x86_64-apple-darwin17.5.0/6.4.0/collect2] ==> ignore
    arg [-dynamic] ==> ignore
    arg [-arch] ==> ignore
    arg [x86_64] ==> ignore
    arg [-macosx_version_min] ==> ignore
    arg [10.13.7] ==> ignore
    arg [-weak_reference_mismatches] ==> ignore
    arg [non-weak] ==> ignore
    arg [-o] ==> ignore
    arg [cmTC_4e793] ==> ignore
    arg [-L/usr/local/Cellar/gcc@6/6.4.0_2/lib/gcc/6/gcc/x86_64-apple-darwin17.5.0/6.4.0] ==> dir [/usr/local/Cellar/gcc@6/6.4.0_2/lib/gcc/6/gcc/x86_64-apple-darwin17.5.0/6.4.0]
    arg [-L/usr/local/Cellar/gcc@6/6.4.0_2/lib/gcc/6/gcc/x86_64-apple-darwin17.5.0/6.4.0/../../..] ==> dir [/usr/local/Cellar/gcc@6/6.4.0_2/lib/gcc/6/gcc/x86_64-apple-darwin17.5.0/6.4.0/../../..]
    arg [-search_paths_first] ==> ignore
    arg [-headerpad_max_install_names] ==> ignore
    arg [-v] ==> ignore
    arg [CMakeFiles/cmTC_4e793.dir/CMakeCCompilerABI.c.o] ==> ignore
    arg [-no_compact_unwind] ==> ignore
    arg [-lSystem] ==> lib [System]
    arg [-lgcc_ext.10.5] ==> lib [gcc_ext.10.5]
    arg [-lgcc] ==> lib [gcc]
    arg [-lSystem] ==> lib [System]
    arg [-v] ==> ignore
  Library search paths: [;/usr/local/Cellar/gcc@6/6.4.0_2/lib/gcc/6/gcc/x86_64-apple-darwin17.5.0/6.4.0;/usr/local/Cellar/gcc@6/6.4.0_2/lib/gcc/6;/usr/lib;/usr/local/lib]
  Framework search paths: [;/Library/Frameworks/;/System/Library/Frameworks/]
  remove lib [System]
  remove lib [System]
  collapse library dir [/usr/local/Cellar/gcc@6/6.4.0_2/lib/gcc/6/gcc/x86_64-apple-darwin17.5.0/6.4.0] ==> [/usr/local/Cellar/gcc@6/6.4.0_2/lib/gcc/6/gcc/x86_64-apple-darwin17.5.0/6.4.0]
  collapse library dir [/usr/local/Cellar/gcc@6/6.4.0_2/lib/gcc/6/gcc/x86_64-apple-darwin17.5.0/6.4.0/../../..] ==> [/usr/local/Cellar/gcc@6/6.4.0_2/lib/gcc/6]
  collapse library dir [/usr/local/Cellar/gcc@6/6.4.0_2/lib/gcc/6/gcc/x86_64-apple-darwin17.5.0/6.4.0] ==> [/usr/local/Cellar/gcc@6/6.4.0_2/lib/gcc/6/gcc/x86_64-apple-darwin17.5.0/6.4.0]
  collapse library dir [/usr/local/Cellar/gcc@6/6.4.0_2/lib/gcc/6] ==> [/usr/local/Cellar/gcc@6/6.4.0_2/lib/gcc/6]
  collapse library dir [/usr/lib] ==> [/usr/lib]
  collapse library dir [/usr/local/lib] ==> [/usr/local/lib]
  collapse framework dir [/Library/Frameworks/] ==> [/Library/Frameworks]
  collapse framework dir [/System/Library/Frameworks/] ==> [/System/Library/Frameworks]
  implicit libs: [gcc_ext.10.5;gcc]
  implicit dirs: [/usr/local/Cellar/gcc@6/6.4.0_2/lib/gcc/6/gcc/x86_64-apple-darwin17.5.0/6.4.0;/usr/local/Cellar/gcc@6/6.4.0_2/lib/gcc/6;/usr/lib;/usr/local/lib]
  implicit fwks: [/Library/Frameworks;/System/Library/Frameworks]




Detecting C [-std=c11] compiler features compiled with the following output:
Change Dir: /Users/zhangminchen/Downloads/research/solution-to-liurujia/chapter6/sculpture/cmake-build-debug/CMakeFiles/CMakeTmp

Run Build Command:"/usr/bin/make" "cmTC_18d50/fast"
/Library/Developer/CommandLineTools/usr/bin/make -f CMakeFiles/cmTC_18d50.dir/build.make CMakeFiles/cmTC_18d50.dir/build
Building C object CMakeFiles/cmTC_18d50.dir/feature_tests.c.o
/usr/local/Cellar/gcc@6/6.4.0_2/bin/gcc-6   -std=c11 -o CMakeFiles/cmTC_18d50.dir/feature_tests.c.o   -c /Users/zhangminchen/Downloads/research/solution-to-liurujia/chapter6/sculpture/cmake-build-debug/CMakeFiles/feature_tests.c
Linking C executable cmTC_18d50
/Applications/CLion.app/Contents/bin/cmake/mac/bin/cmake -E cmake_link_script CMakeFiles/cmTC_18d50.dir/link.txt --verbose=1
/usr/local/Cellar/gcc@6/6.4.0_2/bin/gcc-6   -Wl,-search_paths_first -Wl,-headerpad_max_install_names   CMakeFiles/cmTC_18d50.dir/feature_tests.c.o  -o cmTC_18d50 


    Feature record: C_FEATURE:1c_function_prototypes
    Feature record: C_FEATURE:1c_restrict
    Feature record: C_FEATURE:1c_static_assert
    Feature record: C_FEATURE:1c_variadic_macros


Detecting C [-std=c99] compiler features compiled with the following output:
Change Dir: /Users/zhangminchen/Downloads/research/solution-to-liurujia/chapter6/sculpture/cmake-build-debug/CMakeFiles/CMakeTmp

Run Build Command:"/usr/bin/make" "cmTC_ab67c/fast"
/Library/Developer/CommandLineTools/usr/bin/make -f CMakeFiles/cmTC_ab67c.dir/build.make CMakeFiles/cmTC_ab67c.dir/build
Building C object CMakeFiles/cmTC_ab67c.dir/feature_tests.c.o
/usr/local/Cellar/gcc@6/6.4.0_2/bin/gcc-6   -std=c99 -o CMakeFiles/cmTC_ab67c.dir/feature_tests.c.o   -c /Users/zhangminchen/Downloads/research/solution-to-liurujia/chapter6/sculpture/cmake-build-debug/CMakeFiles/feature_tests.c
Linking C executable cmTC_ab67c
/Applications/CLion.app/Contents/bin/cmake/mac/bin/cmake -E cmake_link_script CMakeFiles/cmTC_ab67c.dir/link.txt --verbose=1
/usr/local/Cellar/gcc@6/6.4.0_2/bin/gcc-6   -Wl,-search_paths_first -Wl,-headerpad_max_install_names   CMakeFiles/cmTC_ab67c.dir/feature_tests.c.o  -o cmTC_ab67c 


    Feature record: C_FEATURE:1c_function_prototypes
    Feature record: C_FEATURE:1c_restrict
    Feature record: C_FEATURE:0c_static_assert
    Feature record: C_FEATURE:1c_variadic_macros


Detecting C [-std=c90] compiler features compiled with the following output:
Change Dir: /Users/zhangminchen/Downloads/research/solution-to-liurujia/chapter6/sculpture/cmake-build-debug/CMakeFiles/CMakeTmp

Run Build Command:"/usr/bin/make" "cmTC_77357/fast"
/Library/Developer/CommandLineTools/usr/bin/make -f CMakeFiles/cmTC_77357.dir/build.make CMakeFiles/cmTC_77357.dir/build
Building C object CMakeFiles/cmTC_77357.dir/feature_tests.c.o
/usr/local/Cellar/gcc@6/6.4.0_2/bin/gcc-6   -std=c90 -o CMakeFiles/cmTC_77357.dir/feature_tests.c.o   -c /Users/zhangminchen/Downloads/research/solution-to-liurujia/chapter6/sculpture/cmake-build-debug/CMakeFiles/feature_tests.c
Linking C executable cmTC_77357
/Applications/CLion.app/Contents/bin/cmake/mac/bin/cmake -E cmake_link_script CMakeFiles/cmTC_77357.dir/link.txt --verbose=1
/usr/local/Cellar/gcc@6/6.4.0_2/bin/gcc-6   -Wl,-search_paths_first -Wl,-headerpad_max_install_names   CMakeFiles/cmTC_77357.dir/feature_tests.c.o  -o cmTC_77357 


    Feature record: C_FEATURE:1c_function_prototypes
    Feature record: C_FEATURE:0c_restrict
    Feature record: C_FEATURE:0c_static_assert
    Feature record: C_FEATURE:0c_variadic_macros
Determining if the CXX compiler works passed with the following output:
Change Dir: /Users/zhangminchen/Downloads/research/solution-to-liurujia/chapter6/sculpture/cmake-build-debug/CMakeFiles/CMakeTmp

Run Build Command:"/usr/bin/make" "cmTC_62f11/fast"
/Library/Developer/CommandLineTools/usr/bin/make -f CMakeFiles/cmTC_62f11.dir/build.make CMakeFiles/cmTC_62f11.dir/build
Building CXX object CMakeFiles/cmTC_62f11.dir/testCXXCompiler.cxx.o
/usr/local/Cellar/gcc@6/6.4.0_2/bin/g++-6     -o CMakeFiles/cmTC_62f11.dir/testCXXCompiler.cxx.o -c /Users/zhangminchen/Downloads/research/solution-to-liurujia/chapter6/sculpture/cmake-build-debug/CMakeFiles/CMakeTmp/testCXXCompiler.cxx
Linking CXX executable cmTC_62f11
/Applications/CLion.app/Contents/bin/cmake/mac/bin/cmake -E cmake_link_script CMakeFiles/cmTC_62f11.dir/link.txt --verbose=1
/usr/local/Cellar/gcc@6/6.4.0_2/bin/g++-6    -Wl,-search_paths_first -Wl,-headerpad_max_install_names   CMakeFiles/cmTC_62f11.dir/testCXXCompiler.cxx.o  -o cmTC_62f11 


Detecting CXX compiler ABI info compiled with the following output:
Change Dir: /Users/zhangminchen/Downloads/research/solution-to-liurujia/chapter6/sculpture/cmake-build-debug/CMakeFiles/CMakeTmp

Run Build Command:"/usr/bin/make" "cmTC_53e9e/fast"
/Library/Developer/CommandLineTools/usr/bin/make -f CMakeFiles/cmTC_53e9e.dir/build.make CMakeFiles/cmTC_53e9e.dir/build
Building CXX object CMakeFiles/cmTC_53e9e.dir/CMakeCXXCompilerABI.cpp.o
/usr/local/Cellar/gcc@6/6.4.0_2/bin/g++-6     -o CMakeFiles/cmTC_53e9e.dir/CMakeCXXCompilerABI.cpp.o -c /Applications/CLion.app/Contents/bin/cmake/mac/share/cmake-3.12/Modules/CMakeCXXCompilerABI.cpp
Linking CXX executable cmTC_53e9e
/Applications/CLion.app/Contents/bin/cmake/mac/bin/cmake -E cmake_link_script CMakeFiles/cmTC_53e9e.dir/link.txt --verbose=1
/usr/local/Cellar/gcc@6/6.4.0_2/bin/g++-6    -Wl,-search_paths_first -Wl,-headerpad_max_install_names  -v -Wl,-v CMakeFiles/cmTC_53e9e.dir/CMakeCXXCompilerABI.cpp.o  -o cmTC_53e9e 
Using built-in specs.
COLLECT_GCC=/usr/local/Cellar/gcc@6/6.4.0_2/bin/g++-6
COLLECT_LTO_WRAPPER=/usr/local/Cellar/gcc@6/6.4.0_2/libexec/gcc/x86_64-apple-darwin17.5.0/6.4.0/lto-wrapper
Target: x86_64-apple-darwin17.5.0
Configured with: ../configure --build=x86_64-apple-darwin17.5.0 --prefix=/usr/local/Cellar/gcc@6/6.4.0_2 --libdir=/usr/local/Cellar/gcc@6/6.4.0_2/lib/gcc/6 --enable-languages=c,c++,objc,obj-c++,fortran,java,jit --program-suffix=-6 --with-gmp=/usr/local/opt/gmp --with-mpfr=/usr/local/opt/mpfr --with-mpc=/usr/local/opt/libmpc --with-isl=/usr/local/opt/isl --with-system-zlib --enable-stage1-checking --enable-checking=release --enable-lto --with-build-config=bootstrap-debug --disable-werror --with-pkgversion='Homebrew GCC 6.4.0_2 --with-all-languages' --with-bugurl=https://github.com/Homebrew/homebrew-core/issues --disable-nls --with-ecj-jar=/usr/local/opt/ecj/share/java/ecj.jar --enable-multilib --enable-host-shared
Thread model: posix
gcc version 6.4.0 (Homebrew GCC 6.4.0_2 --with-all-languages) 
COMPILER_PATH=/usr/local/Cellar/gcc@6/6.4.0_2/libexec/gcc/x86_64-apple-darwin17.5.0/6.4.0/:/usr/local/Cellar/gcc@6/6.4.0_2/libexec/gcc/x86_64-apple-darwin17.5.0/6.4.0/:/usr/local/Cellar/gcc@6/6.4.0_2/libexec/gcc/x86_64-apple-darwin17.5.0/:/usr/local/Cellar/gcc@6/6.4.0_2/lib/gcc/6/gcc/x86_64-apple-darwin17.5.0/6.4.0/:/usr/local/Cellar/gcc@6/6.4.0_2/lib/gcc/6/gcc/x86_64-apple-darwin17.5.0/
LIBRARY_PATH=/usr/local/Cellar/gcc@6/6.4.0_2/lib/gcc/6/gcc/x86_64-apple-darwin17.5.0/6.4.0/:/usr/local/Cellar/gcc@6/6.4.0_2/lib/gcc/6/gcc/x86_64-apple-darwin17.5.0/6.4.0/../../../
COLLECT_GCC_OPTIONS='-v' '-o' 'cmTC_53e9e' '-mmacosx-version-min=10.13.7' '-asm_macosx_version_min=10.13' '-shared-libgcc' '-mtune=core2'
 /usr/local/Cellar/gcc@6/6.4.0_2/libexec/gcc/x86_64-apple-darwin17.5.0/6.4.0/collect2 -dynamic -arch x86_64 -macosx_version_min 10.13.7 -weak_reference_mismatches non-weak -o cmTC_53e9e -L/usr/local/Cellar/gcc@6/6.4.0_2/lib/gcc/6/gcc/x86_64-apple-darwin17.5.0/6.4.0 -L/usr/local/Cellar/gcc@6/6.4.0_2/lib/gcc/6/gcc/x86_64-apple-darwin17.5.0/6.4.0/../../.. -search_paths_first -headerpad_max_install_names -v CMakeFiles/cmTC_53e9e.dir/CMakeCXXCompilerABI.cpp.o -lstdc++ -no_compact_unwind -lSystem -lgcc_ext.10.5 -lgcc -lSystem -v
collect2 version 6.4.0
/usr/bin/ld -dynamic -arch x86_64 -macosx_version_min 10.13.7 -weak_reference_mismatches non-weak -o cmTC_53e9e -L/usr/local/Cellar/gcc@6/6.4.0_2/lib/gcc/6/gcc/x86_64-apple-darwin17.5.0/6.4.0 -L/usr/local/Cellar/gcc@6/6.4.0_2/lib/gcc/6/gcc/x86_64-apple-darwin17.5.0/6.4.0/../../.. -search_paths_first -headerpad_max_install_names -v CMakeFiles/cmTC_53e9e.dir/CMakeCXXCompilerABI.cpp.o -lstdc++ -no_compact_unwind -lSystem -lgcc_ext.10.5 -lgcc -lSystem -v
@(#)PROGRAM:ld  PROJECT:ld64-351.8
configured to support archs: armv6 armv7 armv7s arm64 i386 x86_64 x86_64h armv6m armv7k armv7m armv7em (tvOS)
@(#)PROGRAM:ld  PROJECT:ld64-351.8
configured to support archs: armv6 armv7 armv7s arm64 i386 x86_64 x86_64h armv6m armv7k armv7m armv7em (tvOS)
Library search paths:
	/usr/local/Cellar/gcc@6/6.4.0_2/lib/gcc/6/gcc/x86_64-apple-darwin17.5.0/6.4.0
	/usr/local/Cellar/gcc@6/6.4.0_2/lib/gcc/6
	/usr/lib
	/usr/local/lib
Framework search paths:
	/Library/Frameworks/
	/System/Library/Frameworks/
 /usr/bin/nm -n CMakeFiles/cmTC_53e9e.dir/CMakeCXXCompilerABI.cpp.o


Parsed CXX implicit link information from above output:
  link line regex: [^( *|.*[/\])(ld|CMAKE_LINK_STARTFILE-NOTFOUND|([^/\]+-)?ld|collect2)[^/\]*( |$)]
  ignore line: [Change Dir: /Users/zhangminchen/Downloads/research/solution-to-liurujia/chapter6/sculpture/cmake-build-debug/CMakeFiles/CMakeTmp]
  ignore line: []
  ignore line: [Run Build Command:"/usr/bin/make" "cmTC_53e9e/fast"]
  ignore line: [/Library/Developer/CommandLineTools/usr/bin/make -f CMakeFiles/cmTC_53e9e.dir/build.make CMakeFiles/cmTC_53e9e.dir/build]
  ignore line: [Building CXX object CMakeFiles/cmTC_53e9e.dir/CMakeCXXCompilerABI.cpp.o]
  ignore line: [/usr/local/Cellar/gcc@6/6.4.0_2/bin/g++-6     -o CMakeFiles/cmTC_53e9e.dir/CMakeCXXCompilerABI.cpp.o -c /Applications/CLion.app/Contents/bin/cmake/mac/share/cmake-3.12/Modules/CMakeCXXCompilerABI.cpp]
  ignore line: [Linking CXX executable cmTC_53e9e]
  ignore line: [/Applications/CLion.app/Contents/bin/cmake/mac/bin/cmake -E cmake_link_script CMakeFiles/cmTC_53e9e.dir/link.txt --verbose=1]
  ignore line: [/usr/local/Cellar/gcc@6/6.4.0_2/bin/g++-6    -Wl,-search_paths_first -Wl,-headerpad_max_install_names  -v -Wl,-v CMakeFiles/cmTC_53e9e.dir/CMakeCXXCompilerABI.cpp.o  -o cmTC_53e9e ]
  ignore line: [Using built-in specs.]
  ignore line: [COLLECT_GCC=/usr/local/Cellar/gcc@6/6.4.0_2/bin/g++-6]
  ignore line: [COLLECT_LTO_WRAPPER=/usr/local/Cellar/gcc@6/6.4.0_2/libexec/gcc/x86_64-apple-darwin17.5.0/6.4.0/lto-wrapper]
  ignore line: [Target: x86_64-apple-darwin17.5.0]
  ignore line: [Configured with: ../configure --build=x86_64-apple-darwin17.5.0 --prefix=/usr/local/Cellar/gcc@6/6.4.0_2 --libdir=/usr/local/Cellar/gcc@6/6.4.0_2/lib/gcc/6 --enable-languages=c,c++,objc,obj-c++,fortran,java,jit --program-suffix=-6 --with-gmp=/usr/local/opt/gmp --with-mpfr=/usr/local/opt/mpfr --with-mpc=/usr/local/opt/libmpc --with-isl=/usr/local/opt/isl --with-system-zlib --enable-stage1-checking --enable-checking=release --enable-lto --with-build-config=bootstrap-debug --disable-werror --with-pkgversion='Homebrew GCC 6.4.0_2 --with-all-languages' --with-bugurl=https://github.com/Homebrew/homebrew-core/issues --disable-nls --with-ecj-jar=/usr/local/opt/ecj/share/java/ecj.jar --enable-multilib --enable-host-shared]
  ignore line: [Thread model: posix]
  ignore line: [gcc version 6.4.0 (Homebrew GCC 6.4.0_2 --with-all-languages) ]
  ignore line: [COMPILER_PATH=/usr/local/Cellar/gcc@6/6.4.0_2/libexec/gcc/x86_64-apple-darwin17.5.0/6.4.0/:/usr/local/Cellar/gcc@6/6.4.0_2/libexec/gcc/x86_64-apple-darwin17.5.0/6.4.0/:/usr/local/Cellar/gcc@6/6.4.0_2/libexec/gcc/x86_64-apple-darwin17.5.0/:/usr/local/Cellar/gcc@6/6.4.0_2/lib/gcc/6/gcc/x86_64-apple-darwin17.5.0/6.4.0/:/usr/local/Cellar/gcc@6/6.4.0_2/lib/gcc/6/gcc/x86_64-apple-darwin17.5.0/]
  ignore line: [LIBRARY_PATH=/usr/local/Cellar/gcc@6/6.4.0_2/lib/gcc/6/gcc/x86_64-apple-darwin17.5.0/6.4.0/:/usr/local/Cellar/gcc@6/6.4.0_2/lib/gcc/6/gcc/x86_64-apple-darwin17.5.0/6.4.0/../../../]
  ignore line: [COLLECT_GCC_OPTIONS='-v' '-o' 'cmTC_53e9e' '-mmacosx-version-min=10.13.7' '-asm_macosx_version_min=10.13' '-shared-libgcc' '-mtune=core2']
  link line: [ /usr/local/Cellar/gcc@6/6.4.0_2/libexec/gcc/x86_64-apple-darwin17.5.0/6.4.0/collect2 -dynamic -arch x86_64 -macosx_version_min 10.13.7 -weak_reference_mismatches non-weak -o cmTC_53e9e -L/usr/local/Cellar/gcc@6/6.4.0_2/lib/gcc/6/gcc/x86_64-apple-darwin17.5.0/6.4.0 -L/usr/local/Cellar/gcc@6/6.4.0_2/lib/gcc/6/gcc/x86_64-apple-darwin17.5.0/6.4.0/../../.. -search_paths_first -headerpad_max_install_names -v CMakeFiles/cmTC_53e9e.dir/CMakeCXXCompilerABI.cpp.o -lstdc++ -no_compact_unwind -lSystem -lgcc_ext.10.5 -lgcc -lSystem -v]
    arg [/usr/local/Cellar/gcc@6/6.4.0_2/libexec/gcc/x86_64-apple-darwin17.5.0/6.4.0/collect2] ==> ignore
    arg [-dynamic] ==> ignore
    arg [-arch] ==> ignore
    arg [x86_64] ==> ignore
    arg [-macosx_version_min] ==> ignore
    arg [10.13.7] ==> ignore
    arg [-weak_reference_mismatches] ==> ignore
    arg [non-weak] ==> ignore
    arg [-o] ==> ignore
    arg [cmTC_53e9e] ==> ignore
    arg [-L/usr/local/Cellar/gcc@6/6.4.0_2/lib/gcc/6/gcc/x86_64-apple-darwin17.5.0/6.4.0] ==> dir [/usr/local/Cellar/gcc@6/6.4.0_2/lib/gcc/6/gcc/x86_64-apple-darwin17.5.0/6.4.0]
    arg [-L/usr/local/Cellar/gcc@6/6.4.0_2/lib/gcc/6/gcc/x86_64-apple-darwin17.5.0/6.4.0/../../..] ==> dir [/usr/local/Cellar/gcc@6/6.4.0_2/lib/gcc/6/gcc/x86_64-apple-darwin17.5.0/6.4.0/../../..]
    arg [-search_paths_first] ==> ignore
    arg [-headerpad_max_install_names] ==> ignore
    arg [-v] ==> ignore
    arg [CMakeFiles/cmTC_53e9e.dir/CMakeCXXCompilerABI.cpp.o] ==> ignore
    arg [-lstdc++] ==> lib [stdc++]
    arg [-no_compact_unwind] ==> ignore
    arg [-lSystem] ==> lib [System]
    arg [-lgcc_ext.10.5] ==> lib [gcc_ext.10.5]
    arg [-lgcc] ==> lib [gcc]
    arg [-lSystem] ==> lib [System]
    arg [-v] ==> ignore
  Library search paths: [;/usr/local/Cellar/gcc@6/6.4.0_2/lib/gcc/6/gcc/x86_64-apple-darwin17.5.0/6.4.0;/usr/local/Cellar/gcc@6/6.4.0_2/lib/gcc/6;/usr/lib;/usr/local/lib]
  Framework search paths: [;/Library/Frameworks/;/System/Library/Frameworks/]
  remove lib [System]
  remove lib [System]
  collapse library dir [/usr/local/Cellar/gcc@6/6.4.0_2/lib/gcc/6/gcc/x86_64-apple-darwin17.5.0/6.4.0] ==> [/usr/local/Cellar/gcc@6/6.4.0_2/lib/gcc/6/gcc/x86_64-apple-darwin17.5.0/6.4.0]
  collapse library dir [/usr/local/Cellar/gcc@6/6.4.0_2/lib/gcc/6/gcc/x86_64-apple-darwin17.5.0/6.4.0/../../..] ==> [/usr/local/Cellar/gcc@6/6.4.0_2/lib/gcc/6]
  collapse library dir [/usr/local/Cellar/gcc@6/6.4.0_2/lib/gcc/6/gcc/x86_64-apple-darwin17.5.0/6.4.0] ==> [/usr/local/Cellar/gcc@6/6.4.0_2/lib/gcc/6/gcc/x86_64-apple-darwin17.5.0/6.4.0]
  collapse library dir [/usr/local/Cellar/gcc@6/6.4.0_2/lib/gcc/6] ==> [/usr/local/Cellar/gcc@6/6.4.0_2/lib/gcc/6]
  collapse library dir [/usr/lib] ==> [/usr/lib]
  collapse library dir [/usr/local/lib] ==> [/usr/local/lib]
  collapse framework dir [/Library/Frameworks/] ==> [/Library/Frameworks]
  collapse framework dir [/System/Library/Frameworks/] ==> [/System/Library/Frameworks]
  implicit libs: [stdc++;gcc_ext.10.5;gcc]
  implicit dirs: [/usr/local/Cellar/gcc@6/6.4.0_2/lib/gcc/6/gcc/x86_64-apple-darwin17.5.0/6.4.0;/usr/local/Cellar/gcc@6/6.4.0_2/lib/gcc/6;/usr/lib;/usr/local/lib]
  implicit fwks: [/Library/Frameworks;/System/Library/Frameworks]




Detecting CXX [-std=c++1z] compiler features compiled with the following output:
Change Dir: /Users/zhangminchen/Downloads/research/solution-to-liurujia/chapter6/sculpture/cmake-build-debug/CMakeFiles/CMakeTmp

Run Build Command:"/usr/bin/make" "cmTC_b6714/fast"
/Library/Developer/CommandLineTools/usr/bin/make -f CMakeFiles/cmTC_b6714.dir/build.make CMakeFiles/cmTC_b6714.dir/build
Building CXX object CMakeFiles/cmTC_b6714.dir/feature_tests.cxx.o
/usr/local/Cellar/gcc@6/6.4.0_2/bin/g++-6    -std=c++1z -o CMakeFiles/cmTC_b6714.dir/feature_tests.cxx.o -c /Users/zhangminchen/Downloads/research/solution-to-liurujia/chapter6/sculpture/cmake-build-debug/CMakeFiles/feature_tests.cxx
Linking CXX executable cmTC_b6714
/Applications/CLion.app/Contents/bin/cmake/mac/bin/cmake -E cmake_link_script CMakeFiles/cmTC_b6714.dir/link.txt --verbose=1
/usr/local/Cellar/gcc@6/6.4.0_2/bin/g++-6    -Wl,-search_paths_first -Wl,-headerpad_max_install_names   CMakeFiles/cmTC_b6714.dir/feature_tests.cxx.o  -o cmTC_b6714 


    Feature record: CXX_FEATURE:1cxx_aggregate_default_initializers
    Feature record: CXX_FEATURE:1cxx_alias_templates
    Feature record: CXX_FEATURE:1cxx_alignas
    Feature record: CXX_FEATURE:1cxx_alignof
    Feature record: CXX_FEATURE:1cxx_attributes
    Feature record: CXX_FEATURE:1cxx_attribute_deprecated
    Feature record: CXX_FEATURE:1cxx_auto_type
    Feature record: CXX_FEATURE:1cxx_binary_literals
    Feature record: CXX_FEATURE:1cxx_constexpr
    Feature record: CXX_FEATURE:1cxx_contextual_conversions
    Feature record: CXX_FEATURE:1cxx_decltype
    Feature record: CXX_FEATURE:1cxx_decltype_auto
    Feature record: CXX_FEATURE:1cxx_decltype_incomplete_return_types
    Feature record: CXX_FEATURE:1cxx_default_function_template_args
    Feature record: CXX_FEATURE:1cxx_defaulted_functions
    Feature record: CXX_FEATURE:1cxx_defaulted_move_initializers
    Feature record: CXX_FEATURE:1cxx_delegating_constructors
    Feature record: CXX_FEATURE:1cxx_deleted_functions
    Feature record: CXX_FEATURE:1cxx_digit_separators
    Feature record: CXX_FEATURE:1cxx_enum_forward_declarations
    Feature record: CXX_FEATURE:1cxx_explicit_conversions
    Feature record: CXX_FEATURE:1cxx_extended_friend_declarations
    Feature record: CXX_FEATURE:1cxx_extern_templates
    Feature record: CXX_FEATURE:1cxx_final
    Feature record: CXX_FEATURE:1cxx_func_identifier
    Feature record: CXX_FEATURE:1cxx_generalized_initializers
    Feature record: CXX_FEATURE:1cxx_generic_lambdas
    Feature record: CXX_FEATURE:1cxx_inheriting_constructors
    Feature record: CXX_FEATURE:1cxx_inline_namespaces
    Feature record: CXX_FEATURE:1cxx_lambdas
    Feature record: CXX_FEATURE:1cxx_lambda_init_captures
    Feature record: CXX_FEATURE:1cxx_local_type_template_args
    Feature record: CXX_FEATURE:1cxx_long_long_type
    Feature record: CXX_FEATURE:1cxx_noexcept
    Feature record: CXX_FEATURE:1cxx_nonstatic_member_init
    Feature record: CXX_FEATURE:1cxx_nullptr
    Feature record: CXX_FEATURE:1cxx_override
    Feature record: CXX_FEATURE:1cxx_range_for
    Feature record: CXX_FEATURE:1cxx_raw_string_literals
    Feature record: CXX_FEATURE:1cxx_reference_qualified_functions
    Feature record: CXX_FEATURE:1cxx_relaxed_constexpr
    Feature record: CXX_FEATURE:1cxx_return_type_deduction
    Feature record: CXX_FEATURE:1cxx_right_angle_brackets
    Feature record: CXX_FEATURE:1cxx_rvalue_references
    Feature record: CXX_FEATURE:1cxx_sizeof_member
    Feature record: CXX_FEATURE:1cxx_static_assert
    Feature record: CXX_FEATURE:1cxx_strong_enums
    Feature record: CXX_FEATURE:1cxx_template_template_parameters
    Feature record: CXX_FEATURE:1cxx_thread_local
    Feature record: CXX_FEATURE:1cxx_trailing_return_types
    Feature record: CXX_FEATURE:1cxx_unicode_literals
    Feature record: CXX_FEATURE:1cxx_uniform_initialization
    Feature record: CXX_FEATURE:1cxx_unrestricted_unions
    Feature record: CXX_FEATURE:1cxx_user_literals
    Feature record: CXX_FEATURE:1cxx_variable_templates
    Feature record: CXX_FEATURE:1cxx_variadic_macros
    Feature record: CXX_FEATURE:1cxx_variadic_templates


Detecting CXX [-std=c++14] compiler features compiled with the following output:
Change Dir: /Users/zhangminchen/Downloads/research/solution-to-liurujia/chapter6/sculpture/cmake-build-debug/CMakeFiles/CMakeTmp

Run Build Command:"/usr/bin/make" "cmTC_56d36/fast"
/Library/Developer/CommandLineTools/usr/bin/make -f CMakeFiles/cmTC_56d36.dir/build.make CMakeFiles/cmTC_56d36.dir/build
Building CXX object CMakeFiles/cmTC_56d36.dir/feature_tests.cxx.o
/usr/local/Cellar/gcc@6/6.4.0_2/bin/g++-6    -std=c++14 -o CMakeFiles/cmTC_56d36.dir/feature_tests.cxx.o -c /Users/zhangminchen/Downloads/research/solution-to-liurujia/chapter6/sculpture/cmake-build-debug/CMakeFiles/feature_tests.cxx
Linking CXX executable cmTC_56d36
/Applications/CLion.app/Contents/bin/cmake/mac/bin/cmake -E cmake_link_script CMakeFiles/cmTC_56d36.dir/link.txt --verbose=1
/usr/local/Cellar/gcc@6/6.4.0_2/bin/g++-6    -Wl,-search_paths_first -Wl,-headerpad_max_install_names   CMakeFiles/cmTC_56d36.dir/feature_tests.cxx.o  -o cmTC_56d36 


    Feature record: CXX_FEATURE:1cxx_aggregate_default_initializers
    Feature record: CXX_FEATURE:1cxx_alias_templates
    Feature record: CXX_FEATURE:1cxx_alignas
    Feature record: CXX_FEATURE:1cxx_alignof
    Feature record: CXX_FEATURE:1cxx_attributes
    Feature record: CXX_FEATURE:1cxx_attribute_deprecated
    Feature record: CXX_FEATURE:1cxx_auto_type
    Feature record: CXX_FEATURE:1cxx_binary_literals
    Feature record: CXX_FEATURE:1cxx_constexpr
    Feature record: CXX_FEATURE:1cxx_contextual_conversions
    Feature record: CXX_FEATURE:1cxx_decltype
    Feature record: CXX_FEATURE:1cxx_decltype_auto
    Feature record: CXX_FEATURE:1cxx_decltype_incomplete_return_types
    Feature record: CXX_FEATURE:1cxx_default_function_template_args
    Feature record: CXX_FEATURE:1cxx_defaulted_functions
    Feature record: CXX_FEATURE:1cxx_defaulted_move_initializers
    Feature record: CXX_FEATURE:1cxx_delegating_constructors
    Feature record: CXX_FEATURE:1cxx_deleted_functions
    Feature record: CXX_FEATURE:1cxx_digit_separators
    Feature record: CXX_FEATURE:1cxx_enum_forward_declarations
    Feature record: CXX_FEATURE:1cxx_explicit_conversions
    Feature record: CXX_FEATURE:1cxx_extended_friend_declarations
    Feature record: CXX_FEATURE:1cxx_extern_templates
    Feature record: CXX_FEATURE:1cxx_final
    Feature record: CXX_FEATURE:1cxx_func_identifier
    Feature record: CXX_FEATURE:1cxx_generalized_initializers
    Feature record: CXX_FEATURE:1cxx_generic_lambdas
    Feature record: CXX_FEATURE:1cxx_inheriting_constructors
    Feature record: CXX_FEATURE:1cxx_inline_namespaces
    Feature record: CXX_FEATURE:1cxx_lambdas
    Feature record: CXX_FEATURE:1cxx_lambda_init_captures
    Feature record: CXX_FEATURE:1cxx_local_type_template_args
    Feature record: CXX_FEATURE:1cxx_long_long_type
    Feature record: CXX_FEATURE:1cxx_noexcept
    Feature record: CXX_FEATURE:1cxx_nonstatic_member_init
    Feature record: CXX_FEATURE:1cxx_nullptr
    Feature record: CXX_FEATURE:1cxx_override
    Feature record: CXX_FEATURE:1cxx_range_for
    Feature record: CXX_FEATURE:1cxx_raw_string_literals
    Feature record: CXX_FEATURE:1cxx_reference_qualified_functions
    Feature record: CXX_FEATURE:1cxx_relaxed_constexpr
    Feature record: CXX_FEATURE:1cxx_return_type_deduction
    Feature record: CXX_FEATURE:1cxx_right_angle_brackets
    Feature record: CXX_FEATURE:1cxx_rvalue_references
    Feature record: CXX_FEATURE:1cxx_sizeof_member
    Feature record: CXX_FEATURE:1cxx_static_assert
    Feature record: CXX_FEATURE:1cxx_strong_enums
    Feature record: CXX_FEATURE:1cxx_template_template_parameters
    Feature record: CXX_FEATURE:1cxx_thread_local
    Feature record: CXX_FEATURE:1cxx_trailing_return_types
    Feature record: CXX_FEATURE:1cxx_unicode_literals
    Feature record: CXX_FEATURE:1cxx_uniform_initialization
    Feature record: CXX_FEATURE:1cxx_unrestricted_unions
    Feature record: CXX_FEATURE:1cxx_user_literals
    Feature record: CXX_FEATURE:1cxx_variable_templates
    Feature record: CXX_FEATURE:1cxx_variadic_macros
    Feature record: CXX_FEATURE:1cxx_variadic_templates


Detecting CXX [-std=c++11] compiler features compiled with the following output:
Change Dir: /Users/zhangminchen/Downloads/research/solution-to-liurujia/chapter6/sculpture/cmake-build-debug/CMakeFiles/CMakeTmp

Run Build Command:"/usr/bin/make" "cmTC_116ae/fast"
/Library/Developer/CommandLineTools/usr/bin/make -f CMakeFiles/cmTC_116ae.dir/build.make CMakeFiles/cmTC_116ae.dir/build
Building CXX object CMakeFiles/cmTC_116ae.dir/feature_tests.cxx.o
/usr/local/Cellar/gcc@6/6.4.0_2/bin/g++-6    -std=c++11 -o CMakeFiles/cmTC_116ae.dir/feature_tests.cxx.o -c /Users/zhangminchen/Downloads/research/solution-to-liurujia/chapter6/sculpture/cmake-build-debug/CMakeFiles/feature_tests.cxx
Linking CXX executable cmTC_116ae
/Applications/CLion.app/Contents/bin/cmake/mac/bin/cmake -E cmake_link_script CMakeFiles/cmTC_116ae.dir/link.txt --verbose=1
/usr/local/Cellar/gcc@6/6.4.0_2/bin/g++-6    -Wl,-search_paths_first -Wl,-headerpad_max_install_names   CMakeFiles/cmTC_116ae.dir/feature_tests.cxx.o  -o cmTC_116ae 


    Feature record: CXX_FEATURE:0cxx_aggregate_default_initializers
    Feature record: CXX_FEATURE:1cxx_alias_templates
    Feature record: CXX_FEATURE:1cxx_alignas
    Feature record: CXX_FEATURE:1cxx_alignof
    Feature record: CXX_FEATURE:1cxx_attributes
    Feature record: CXX_FEATURE:0cxx_attribute_deprecated
    Feature record: CXX_FEATURE:1cxx_auto_type
    Feature record: CXX_FEATURE:0cxx_binary_literals
    Feature record: CXX_FEATURE:1cxx_constexpr
    Feature record: CXX_FEATURE:0cxx_contextual_conversions
    Feature record: CXX_FEATURE:1cxx_decltype
    Feature record: CXX_FEATURE:0cxx_decltype_auto
    Feature record: CXX_FEATURE:1cxx_decltype_incomplete_return_types
    Feature record: CXX_FEATURE:1cxx_default_function_template_args
    Feature record: CXX_FEATURE:1cxx_defaulted_functions
    Feature record: CXX_FEATURE:1cxx_defaulted_move_initializers
    Feature record: CXX_FEATURE:1cxx_delegating_constructors
    Feature record: CXX_FEATURE:1cxx_deleted_functions
    Feature record: CXX_FEATURE:0cxx_digit_separators
    Feature record: CXX_FEATURE:1cxx_enum_forward_declarations
    Feature record: CXX_FEATURE:1cxx_explicit_conversions
    Feature record: CXX_FEATURE:1cxx_extended_friend_declarations
    Feature record: CXX_FEATURE:1cxx_extern_templates
    Feature record: CXX_FEATURE:1cxx_final
    Feature record: CXX_FEATURE:1cxx_func_identifier
    Feature record: CXX_FEATURE:1cxx_generalized_initializers
    Feature record: CXX_FEATURE:0cxx_generic_lambdas
    Feature record: CXX_FEATURE:1cxx_inheriting_constructors
    Feature record: CXX_FEATURE:1cxx_inline_namespaces
    Feature record: CXX_FEATURE:1cxx_lambdas
    Feature record: CXX_FEATURE:0cxx_lambda_init_captures
    Feature record: CXX_FEATURE:1cxx_local_type_template_args
    Feature record: CXX_FEATURE:1cxx_long_long_type
    Feature record: CXX_FEATURE:1cxx_noexcept
    Feature record: CXX_FEATURE:1cxx_nonstatic_member_init
    Feature record: CXX_FEATURE:1cxx_nullptr
    Feature record: CXX_FEATURE:1cxx_override
    Feature record: CXX_FEATURE:1cxx_range_for
    Feature record: CXX_FEATURE:1cxx_raw_string_literals
    Feature record: CXX_FEATURE:1cxx_reference_qualified_functions
    Feature record: CXX_FEATURE:0cxx_relaxed_constexpr
    Feature record: CXX_FEATURE:0cxx_return_type_deduction
    Feature record: CXX_FEATURE:1cxx_right_angle_brackets
    Feature record: CXX_FEATURE:1cxx_rvalue_references
    Feature record: CXX_FEATURE:1cxx_sizeof_member
    Feature record: CXX_FEATURE:1cxx_static_assert
    Feature record: CXX_FEATURE:1cxx_strong_enums
    Feature record: CXX_FEATURE:1cxx_template_template_parameters
    Feature record: CXX_FEATURE:1cxx_thread_local
    Feature record: CXX_FEATURE:1cxx_trailing_return_types
    Feature record: CXX_FEATURE:1cxx_unicode_literals
    Feature record: CXX_FEATURE:1cxx_uniform_initialization
    Feature record: CXX_FEATURE:1cxx_unrestricted_unions
    Feature record: CXX_FEATURE:1cxx_user_literals
    Feature record: CXX_FEATURE:0cxx_variable_templates
    Feature record: CXX_FEATURE:1cxx_variadic_macros
    Feature record: CXX_FEATURE:1cxx_variadic_templates


Detecting CXX [-std=c++98] compiler features compiled with the following output:
Change Dir: /Users/zhangminchen/Downloads/research/solution-to-liurujia/chapter6/sculpture/cmake-build-debug/CMakeFiles/CMakeTmp

Run Build Command:"/usr/bin/make" "cmTC_4774d/fast"
/Library/Developer/CommandLineTools/usr/bin/make -f CMakeFiles/cmTC_4774d.dir/build.make CMakeFiles/cmTC_4774d.dir/build
Building CXX object CMakeFiles/cmTC_4774d.dir/feature_tests.cxx.o
/usr/local/Cellar/gcc@6/6.4.0_2/bin/g++-6    -std=c++98 -o CMakeFiles/cmTC_4774d.dir/feature_tests.cxx.o -c /Users/zhangminchen/Downloads/research/solution-to-liurujia/chapter6/sculpture/cmake-build-debug/CMakeFiles/feature_tests.cxx
Linking CXX executable cmTC_4774d
/Applications/CLion.app/Contents/bin/cmake/mac/bin/cmake -E cmake_link_script CMakeFiles/cmTC_4774d.dir/link.txt --verbose=1
/usr/local/Cellar/gcc@6/6.4.0_2/bin/g++-6    -Wl,-search_paths_first -Wl,-headerpad_max_install_names   CMakeFiles/cmTC_4774d.dir/feature_tests.cxx.o  -o cmTC_4774d 


    Feature record: CXX_FEATURE:0cxx_aggregate_default_initializers
    Feature record: CXX_FEATURE:0cxx_alias_templates
    Feature record: CXX_FEATURE:0cxx_alignas
    Feature record: CXX_FEATURE:0cxx_alignof
    Feature record: CXX_FEATURE:0cxx_attributes
    Feature record: CXX_FEATURE:0cxx_attribute_deprecated
    Feature record: CXX_FEATURE:0cxx_auto_type
    Feature record: CXX_FEATURE:0cxx_binary_literals
    Feature record: CXX_FEATURE:0cxx_constexpr
    Feature record: CXX_FEATURE:0cxx_contextual_conversions
    Feature record: CXX_FEATURE:0cxx_decltype
    Feature record: CXX_FEATURE:0cxx_decltype_auto
    Feature record: CXX_FEATURE:0cxx_decltype_incomplete_return_types
    Feature record: CXX_FEATURE:0cxx_default_function_template_args
    Feature record: CXX_FEATURE:0cxx_defaulted_functions
    Feature record: CXX_FEATURE:0cxx_defaulted_move_initializers
    Feature record: CXX_FEATURE:0cxx_delegating_constructors
    Feature record: CXX_FEATURE:0cxx_deleted_functions
    Feature record: CXX_FEATURE:0cxx_digit_separators
    Feature record: CXX_FEATURE:0cxx_enum_forward_declarations
    Feature record: CXX_FEATURE:0cxx_explicit_conversions
    Feature record: CXX_FEATURE:0cxx_extended_friend_declarations
    Feature record: CXX_FEATURE:0cxx_extern_templates
    Feature record: CXX_FEATURE:0cxx_final
    Feature record: CXX_FEATURE:0cxx_func_identifier
    Feature record: CXX_FEATURE:0cxx_generalized_initializers
    Feature record: CXX_FEATURE:0cxx_generic_lambdas
    Feature record: CXX_FEATURE:0cxx_inheriting_constructors
    Feature record: CXX_FEATURE:0cxx_inline_namespaces
    Feature record: CXX_FEATURE:0cxx_lambdas
    Feature record: CXX_FEATURE:0cxx_lambda_init_captures
    Feature record: CXX_FEATURE:0cxx_local_type_template_args
    Feature record: CXX_FEATURE:0cxx_long_long_type
    Feature record: CXX_FEATURE:0cxx_noexcept
    Feature record: CXX_FEATURE:0cxx_nonstatic_member_init
    Feature record: CXX_FEATURE:0cxx_nullptr
    Feature record: CXX_FEATURE:0cxx_override
    Feature record: CXX_FEATURE:0cxx_range_for
    Feature record: CXX_FEATURE:0cxx_raw_string_literals
    Feature record: CXX_FEATURE:0cxx_reference_qualified_functions
    Feature record: CXX_FEATURE:0cxx_relaxed_constexpr
    Feature record: CXX_FEATURE:0cxx_return_type_deduction
    Feature record: CXX_FEATURE:0cxx_right_angle_brackets
    Feature record: CXX_FEATURE:0cxx_rvalue_references
    Feature record: CXX_FEATURE:0cxx_sizeof_member
    Feature record: CXX_FEATURE:0cxx_static_assert
    Feature record: CXX_FEATURE:0cxx_strong_enums
    Feature record: CXX_FEATURE:1cxx_template_template_parameters
    Feature record: CXX_FEATURE:0cxx_thread_local
    Feature record: CXX_FEATURE:0cxx_trailing_return_types
    Feature record: CXX_FEATURE:0cxx_unicode_literals
    Feature record: CXX_FEATURE:0cxx_uniform_initialization
    Feature record: CXX_FEATURE:0cxx_unrestricted_unions
    Feature record: CXX_FEATURE:0cxx_user_literals
    Feature record: CXX_FEATURE:0cxx_variable_templates
    Feature record: CXX_FEATURE:0cxx_variadic_macros
    Feature record: CXX_FEATURE:0cxx_variadic_templates
